Time-Sync:
	Protocol: MRTP
	Master id: 51
	TimeToElectTimeMaster: 3000000
	RoundTrip: 0
	LinearRegression: 1
	LinearRegressionWindowSize: 5
	MaxReachedEnabled: 1
	SynchronizationPeriod1: 2000000
	SynchronizationPeriod2: 5000000
	Communication model: INTERMEDIATE_COMM_MODEL
Seed: 29606
There are 182 modules in the configuration
[1;33mScheduler Mode :1[0m
[1;33mScheduler Length :1[0m
[1;33mScheduler : start order received 0[0m
Run simulation...
Master clock parameter: 
	Module id: 51
	Clockseed: 1
	Noise id: 1
Same parameters as the master clock: 
	Module id: 96
	Clockseed: 1
	Noise id: 1
Same parameters as the master clock: 
	Module id: 164
	Clockseed: 1
	Noise id: 1
@51: Time Master elected!
@51: Spanning-tree constructed!
@51: Convergecast time max done!
[1;33mScheduler end : 1910779[0m

=== GLOBAL STATISTICS ===
Number of robots: 182
Simulator elapsed time: 3606000000 us
Real elapsed time: 1910779.00 us
Number of events processed: 791214
Number of messages processed: 131257
Number of motions processed: 0
Maximum sized reached by the events list: 797
Size of the events list at the end: 0
Events(s) left in memory before destroying Scheduler: 0
Message(s) left in memory before destroying Scheduler: 0
Number of events processed per second: 414079.28
