Time-Sync:
	Protocol: MRTP
	Master id: 6661
	TimeToElectTimeMaster: 3000000
	RoundTrip: 0
	LinearRegression: 1
	LinearRegressionWindowSize: 5
	MaxReachedEnabled: 1
	SynchronizationPeriod1: 2000000
	SynchronizationPeriod2: 5000000
	Communication model: INTERMEDIATE_COMM_MODEL
Seed: 26163
There are 11648 modules in the configuration
[1;33mScheduler Mode :1[0m
[1;33mScheduler Length :1[0m
[1;33mScheduler : start order received 0[0m
Run simulation...
Same parameters as the master clock: 
	Module id: 3222
	Clockseed: 1
	Noise id: 1
Master clock parameter: 
	Module id: 6661
	Clockseed: 1
	Noise id: 1
Same parameters as the master clock: 
	Module id: 10493
	Clockseed: 1
	Noise id: 1
@6661: Time Master elected!
@6661: Spanning-tree constructed!
@6661: Convergecast time max done!
[1;33mScheduler end : 311420985[0m

=== GLOBAL STATISTICS ===
Number of robots: 11648
Simulator elapsed time: 3606000000 us
Real elapsed time: 311420985.00 us
Number of events processed: 51166303
Number of messages processed: 8514325
Number of motions processed: 0
Maximum sized reached by the events list: 73889
Size of the events list at the end: 0
Events(s) left in memory before destroying Scheduler: 0
Message(s) left in memory before destroying Scheduler: 0
Number of events processed per second: 164299.47
